0 info it worked if it ends with ok
1 verbose cli [ '/Users/huarui/.nvm/versions/node/v6.7.0/bin/node',
1 verbose cli   '/Users/huarui/.nvm/versions/node/v6.7.0/bin/npm',
1 verbose cli   'run',
1 verbose cli   'test' ]
2 info using npm@3.10.3
3 info using node@v6.7.0
4 verbose run-script [ 'pretest', 'test', 'posttest' ]
5 info lifecycle scales@0.0.0~pretest: scales@0.0.0
6 silly lifecycle scales@0.0.0~pretest: no script for pretest, continuing
7 info lifecycle scales@0.0.0~test: scales@0.0.0
8 verbose lifecycle scales@0.0.0~test: unsafe-perm in lifecycle true
9 verbose lifecycle scales@0.0.0~test: PATH: /Users/huarui/.nvm/versions/node/v6.7.0/lib/node_modules/npm/bin/node-gyp-bin:/Users/huarui/dev/scales/node_modules/.bin:/Users/huarui/.nvm/versions/node/v6.7.0/bin:/Users/huarui/.yarn/bin:/Users/huarui/.nvm/versions/node/v6.7.0/bin:/usr/local/bin:/usr/bin:/bin:/usr/sbin:/sbin:/opt/X11/bin
10 verbose lifecycle scales@0.0.0~test: CWD: /Users/huarui/dev/scales
11 silly lifecycle scales@0.0.0~test: Args: [ '-c', 'xo && ava' ]
12 silly lifecycle scales@0.0.0~test: Returned: code: 1  signal: null
13 info lifecycle scales@0.0.0~test: Failed to exec test script
14 verbose stack Error: scales@0.0.0 test: `xo && ava`
14 verbose stack Exit status 1
14 verbose stack     at EventEmitter.<anonymous> (/Users/huarui/.nvm/versions/node/v6.7.0/lib/node_modules/npm/lib/utils/lifecycle.js:242:16)
14 verbose stack     at emitTwo (events.js:106:13)
14 verbose stack     at EventEmitter.emit (events.js:191:7)
14 verbose stack     at ChildProcess.<anonymous> (/Users/huarui/.nvm/versions/node/v6.7.0/lib/node_modules/npm/lib/utils/spawn.js:40:14)
14 verbose stack     at emitTwo (events.js:106:13)
14 verbose stack     at ChildProcess.emit (events.js:191:7)
14 verbose stack     at maybeClose (internal/child_process.js:877:16)
14 verbose stack     at Process.ChildProcess._handle.onexit (internal/child_process.js:226:5)
15 verbose pkgid scales@0.0.0
16 verbose cwd /Users/huarui/dev/scales
17 error Darwin 16.5.0
18 error argv "/Users/huarui/.nvm/versions/node/v6.7.0/bin/node" "/Users/huarui/.nvm/versions/node/v6.7.0/bin/npm" "run" "test"
19 error node v6.7.0
20 error npm  v3.10.3
21 error code ELIFECYCLE
22 error scales@0.0.0 test: `xo && ava`
22 error Exit status 1
23 error Failed at the scales@0.0.0 test script 'xo && ava'.
23 error Make sure you have the latest version of node.js and npm installed.
23 error If you do, this is most likely a problem with the scales package,
23 error not with npm itself.
23 error Tell the author that this fails on your system:
23 error     xo && ava
23 error You can get information on how to open an issue for this project with:
23 error     npm bugs scales
23 error Or if that isn't available, you can get their info via:
23 error     npm owner ls scales
23 error There is likely additional logging output above.
24 verbose exit [ 1, true ]
